Flow report for DE2_115_CAMERA
Fri Jan 27 18:55:29 2023
Quartus Prime Version 18.1.0 Build 625 09/12/2018 SJ Standard Edition


---------------------
; Table of Contents ;
---------------------
  1. Legal Notice
  2. Flow Summary
  3. Flow Settings
  4. Flow Non-Default Global Settings
  5. Flow Elapsed Time
  6. Flow OS Summary
  7. Flow Log
  8. Flow Messages
  9. Flow Suppressed Messages



----------------
; Legal Notice ;
----------------
Copyright (C) 2018  Intel Corporation. All rights reserved.
Your use of Intel Corporation's design tools, logic functions 
and other software and tools, and its AMPP partner logic 
functions, and any output files from any of the foregoing 
(including device programming or simulation files), and any 
associated documentation or information are expressly subject 
to the terms and conditions of the Intel Program License 
Subscription Agreement, the Intel Quartus Prime License Agreement,
the Intel FPGA IP License Agreement, or other applicable license
agreement, including, without limitation, that your use is for
the sole purpose of programming logic devices manufactured by
Intel and sold by Intel or its authorized distributors.  Please
refer to the applicable agreement for further details.



+--------------------------------------------------------------------------------------+
; Flow Summary                                                                         ;
+------------------------------------+-------------------------------------------------+
; Flow Status                        ; Successful - Fri Jan 27 18:55:19 2023           ;
; Quartus Prime Version              ; 18.1.0 Build 625 09/12/2018 SJ Standard Edition ;
; Revision Name                      ; DE2_115_CAMERA                                  ;
; Top-level Entity Name              ; DE2_115_CAMERA_BD                               ;
; Family                             ; Cyclone IV E                                    ;
; Device                             ; EP4CE115F29C7                                   ;
; Timing Models                      ; Final                                           ;
; Total logic elements               ; 4,125 / 114,480 ( 4 % )                         ;
;     Total combinational functions  ; 3,711 / 114,480 ( 3 % )                         ;
;     Dedicated logic registers      ; 2,262 / 114,480 ( 2 % )                         ;
; Total registers                    ; 2262                                            ;
; Total pins                         ; 428 / 529 ( 81 % )                              ;
; Total virtual pins                 ; 0                                               ;
; Total memory bits                  ; 2,903,376 / 3,981,312 ( 73 % )                  ;
; Embedded Multiplier 9-bit elements ; 0 / 532 ( 0 % )                                 ;
; Total PLLs                         ; 1 / 4 ( 25 % )                                  ;
+------------------------------------+-------------------------------------------------+


+-----------------------------------------+
; Flow Settings                           ;
+-------------------+---------------------+
; Option            ; Setting             ;
+-------------------+---------------------+
; Start date & time ; 01/27/2023 18:53:18 ;
; Main task         ; Compilation         ;
; Revision Name     ; DE2_115_CAMERA      ;
+-------------------+---------------------+


+----------------------------------------------------------------------------------------------------------------------------------------------------------+
; Flow Non-Default Global Settings                                                                                                                         ;
+-------------------------------------+------------------------------------------------------------------+----------------+-------------------+------------+
; Assignment Name                     ; Value                                                            ; Default Value  ; Entity Name       ; Section Id ;
+-------------------------------------+------------------------------------------------------------------+----------------+-------------------+------------+
; COMPILER_SIGNATURE_ID               ; 1099445324894.167484559755660                                    ; --             ; --                ; --         ;
; ENABLE_SIGNALTAP                    ; Off                                                              ; --             ; --                ; --         ;
; MAX_CORE_JUNCTION_TEMP              ; 85                                                               ; --             ; --                ; --         ;
; MIN_CORE_JUNCTION_TEMP              ; 0                                                                ; --             ; --                ; --         ;
; MISC_FILE                           ; de2_115_camera/synthesis/../de2_115_camera.cmp                   ; --             ; --                ; --         ;
; MISC_FILE                           ; de2_115_camera/synthesis/../../de2_115_camera.qsys               ; --             ; --                ; --         ;
; MISC_FILE                           ; v/sdram_pll.bsf                                                  ; --             ; --                ; --         ;
; MISC_FILE                           ; v/sdram_pll.ppf                                                  ; --             ; --                ; --         ;
; MISC_FILE                           ; v/Line_Buffer1.bsf                                               ; --             ; --                ; --         ;
; MISC_FILE                           ; mult1_bb.v                                                       ; --             ; --                ; --         ;
; MISC_FILE                           ; mult2_bb.v                                                       ; --             ; --                ; --         ;
; MISC_FILE                           ; mult3_bb.v                                                       ; --             ; --                ; --         ;
; MISC_FILE                           ; add_sub_1_bb.v                                                   ; --             ; --                ; --         ;
; MISC_FILE                           ; divide1_bb.v                                                     ; --             ; --                ; --         ;
; MISC_FILE                           ; lpm_comp1_bb.v                                                   ; --             ; --                ; --         ;
; MISC_FILE                           ; ram2test2_bb.v                                                   ; --             ; --                ; --         ;
; MISC_FILE                           ; ram2port_480p_bb.v                                               ; --             ; --                ; --         ;
; PARTITION_COLOR                     ; -- (Not supported for targeted family)                           ; --             ; DE2_115_CAMERA_BD ; Top        ;
; PARTITION_FITTER_PRESERVATION_LEVEL ; -- (Not supported for targeted family)                           ; --             ; DE2_115_CAMERA_BD ; Top        ;
; PARTITION_NETLIST_TYPE              ; -- (Not supported for targeted family)                           ; --             ; DE2_115_CAMERA_BD ; Top        ;
; POWER_BOARD_THERMAL_MODEL           ; None (CONSERVATIVE)                                              ; --             ; --                ; --         ;
; POWER_PRESET_COOLING_SOLUTION       ; 23 MM HEAT SINK WITH 200 LFPM AIRFLOW                            ; --             ; --                ; --         ;
; SLD_FILE                            ; de2_115_camera/synthesis/de2_115_camera.regmap                   ; --             ; --                ; --         ;
; SLD_FILE                            ; de2_115_camera/synthesis/de2_115_camera.debuginfo                ; --             ; --                ; --         ;
; SLD_INFO                            ; QSYS_NAME de2_115_camera HAS_SOPCINFO 1 GENERATION_ID 1674835118 ; --             ; de2_115_camera    ; --         ;
; SOPCINFO_FILE                       ; de2_115_camera/synthesis/../../de2_115_camera.sopcinfo           ; --             ; --                ; --         ;
; SYNTHESIS_ONLY_QIP                  ; On                                                               ; --             ; --                ; --         ;
; TOP_LEVEL_ENTITY                    ; DE2_115_CAMERA_BD                                                ; DE2_115_CAMERA ; --                ; --         ;
; USE_SIGNALTAP_FILE                  ; stp1.stp                                                         ; --             ; --                ; --         ;
+-------------------------------------+------------------------------------------------------------------+----------------+-------------------+------------+


+--------------------------------------------------------------------------------------------------------------------------+
; Flow Elapsed Time                                                                                                        ;
+----------------------+--------------+-------------------------+---------------------+------------------------------------+
; Module Name          ; Elapsed Time ; Average Processors Used ; Peak Virtual Memory ; Total CPU Time (on all processors) ;
+----------------------+--------------+-------------------------+---------------------+------------------------------------+
; Analysis & Synthesis ; 00:00:55     ; 1.0                     ; 4960 MB             ; 00:01:20                           ;
; Fitter               ; 00:00:53     ; 1.1                     ; 5907 MB             ; 00:01:25                           ;
; Assembler            ; 00:00:05     ; 1.0                     ; 4714 MB             ; 00:00:05                           ;
; Timing Analyzer      ; 00:00:09     ; 1.4                     ; 4927 MB             ; 00:00:10                           ;
; Total                ; 00:02:02     ; --                      ; --                  ; 00:03:00                           ;
+----------------------+--------------+-------------------------+---------------------+------------------------------------+


+------------------------------------------------------------------------------------+
; Flow OS Summary                                                                    ;
+----------------------+------------------+------------+------------+----------------+
; Module Name          ; Machine Hostname ; OS Name    ; OS Version ; Processor type ;
+----------------------+------------------+------------+------------+----------------+
; Analysis & Synthesis ; DESKTOP-HDU25S1  ; Windows 10 ; 10.0       ; x86_64         ;
; Fitter               ; DESKTOP-HDU25S1  ; Windows 10 ; 10.0       ; x86_64         ;
; Assembler            ; DESKTOP-HDU25S1  ; Windows 10 ; 10.0       ; x86_64         ;
; Timing Analyzer      ; DESKTOP-HDU25S1  ; Windows 10 ; 10.0       ; x86_64         ;
+----------------------+------------------+------------+------------+----------------+


------------
; Flow Log ;
------------
quartus_map --read_settings_files=on --write_settings_files=off DE2_115_CAMERA -c DE2_115_CAMERA
quartus_fit --read_settings_files=off --write_settings_files=off DE2_115_CAMERA -c DE2_115_CAMERA
quartus_asm --read_settings_files=off --write_settings_files=off DE2_115_CAMERA -c DE2_115_CAMERA
quartus_sta DE2_115_CAMERA -c DE2_115_CAMERA



